<?xml version="1.0" encoding="UTF-8"?>
<testsuite xmlns:xsi="http://www.w3.org/2001/XMLSchema-instance" xsi:noNamespaceSchemaLocation="https://maven.apache.org/surefire/maven-surefire-plugin/xsd/surefire-test-report-3.0.xsd" version="3.0" name="com.crypto.bot.crypto_bot.CryptoBotApplicationTests" time="3.852" tests="1" errors="0" skipped="0" failures="0">
  <properties>
[...]
</properties>
  <testcase name="contextLoads" classname="com.crypto.bot.crypto_bot.CryptoBotApplicationTests" time="1.217">
    <system-out><![CDATA[Standard Commons Logging discovery in action with spring-jcl: please remove commons-logging.jar from classpath in order to avoid potential conflicts
19:35:28.945 [main] INFO org.springframework.test.context.support.AnnotationConfigContextLoaderUtils -- Could not detect default configuration classes for test class [com.crypto.bot.crypto_bot.CryptoBotApplicationTests]: CryptoBotApplicationTests does not declare any static, non-private, non-final, nested classes annotated with @Configuration.
19:35:29.077 [main] INFO org.springframework.boot.test.context.SpringBootTestContextBootstrapper -- Found @SpringBootConfiguration com.crypto.bot.crypto_bot.CryptoBotApplication for test class com.crypto.bot.crypto_bot.CryptoBotApplicationTests

  .   ____          _            __ _ _
 /\\ / ___'_ __ _ _(_)_ __  __ _ \ \ \ \
( ( )\___ | '_ | '_| | '_ \/ _` | \ \ \ \
 \\/  ___)| |_)| | | | | || (_| |  ) ) ) )
  '  |____| .__|_| |_|_| |_\__, | / / / /
 =========|_|==============|___/=/_/_/_/
 :: Spring Boot ::                (v3.1.2)

2023-08-23T19:35:29.547+05:30  INFO 15916 --- [           main] c.c.b.c.CryptoBotApplicationTests        : Starting CryptoBotApplicationTests using Java 20.0.2 with PID 15916 (started by al4367 in C:\Users\AL4367\Downloads\crypto_bot)
2023-08-23T19:35:29.550+05:30  INFO 15916 --- [           main] c.c.b.c.CryptoBotApplicationTests        : No active profile set, falling back to 1 default profile: "default"
2023-08-23T19:35:31.375+05:30  INFO 15916 --- [           main] c.c.b.c.CryptoBotApplicationTests        : Started CryptoBotApplicationTests in 2.126 seconds (process running for 3.175)
]]></system-out>
  </testcase>
</testsuite>